LOG file, init at : 13:18:41
set max fps to : 60
load font
TTF_Init()
TTF_OpenFont(C:\Users\aalex\programation\cpp\seafarer's war\res/font/bombardier.ttf , 16)
Sprite_list::read_from_xml
Sprite_type::Sprite_type()
Sprite_type::load_from_xml
loadTexture(C:\Users\aalex\programation\cpp\seafarer's war\res/sprites/explosions/1.bmp)
Sprite_type::reload
Sprite_type::Sprite_type()
Sprite_type::load_from_xml
loadTexture(C:\Users\aalex\programation\cpp\seafarer's war\res/sprites/explosions/2.bmp)
Sprite_type::reload
Sprite_type::Sprite_type()
Sprite_type::load_from_xml
loadTexture(C:\Users\aalex\programation\cpp\seafarer's war\res/sprites/explosions/3.bmp)
Sprite_type::reload
Sprite_type::Sprite_type()
Sprite_type::load_from_xml
loadTexture(C:\Users\aalex\programation\cpp\seafarer's war\res/sprites/explosions/4.bmp)
Sprite_type::reload
Sprite_type::Sprite_type()
Sprite_type::load_from_xml
loadTexture(C:\Users\aalex\programation\cpp\seafarer's war\res/sprites/explosions/5.bmp)
Sprite_type::reload
Sprite_type::Sprite_type()
Sprite_type::load_from_xml
loadTexture(C:\Users\aalex\programation\cpp\seafarer's war\res/sprites/explosions/6.bmp)
Sprite_type::reload
Sprite_type::Sprite_type()
Sprite_type::load_from_xml
loadTexture(C:\Users\aalex\programation\cpp\seafarer's war\res/sprites/explosions/7.bmp)
Sprite_type::reload
loadTexture(C:\Users\aalex\programation\cpp\seafarer's war\res/img/backgrounds/darksea.bmp)
loadTexture(C:\Users\aalex\programation\cpp\seafarer's war\res/img/backgrounds/sea.bmp)
SDL_SetWindowPosition(420, 180)
SDL_SetWindowSize(1080, 720)
readXML(C:\Users\aalex\programation\cpp\seafarer's war\data/menus/mainMenu.xml , 0)
freeWidgets()
Text::setText('Main menu')
TextButton::read_from_xml()
Text::setText('play')
TextButton::cmd ('data/menus/play.xml')
TextButton::read_from_xml()
Text::setText('settings')
TextButton::cmd ('data/menus/settings.xml')
TextButton::read_from_xml()
Text::setText('quit')
TextButton::cmd ('data/functions/quit.xml')
loadTexture(C:\Users\aalex\programation\cpp\seafarer's war\res/img/backgrounds/menu.bmp)
readXML(C:\Users\aalex\programation\cpp\seafarer's war\data/events.xml , 0)
readXML(C:\Users\aalex\programation\cpp\seafarer's war\data/entity/entity.xml , 0)
readXML(C:\Users\aalex\programation\cpp\seafarer's war\data/entity/parts/parts.xml , 0)
Part_type::read_from_xml()
readXML(C:\Users\aalex\programation\cpp\seafarer's war\data/entity/boats/thunder.xml , 0)
Entity_type::Entity_type()
Entity_type::load_from_xml
loadTexture(C:\Users\aalex\programation\cpp\seafarer's war\res/img/entity/boats/thunder.bmp)
ButtonClass::exec()
readXML(C:\Users\aalex\programation\cpp\seafarer's war\data/menus/play.xml , 0)
freeWidgets()
readXML(C:\Users\aalex\programation\cpp\seafarer's war\data/saves/testSave.xml , 0)
Entity::load_from_xml()
Entity::set('thunder')
Entity::Entity()
Entity::load_from_xml()
Entity::set('thunder')
readXML(C:\Users\aalex\programation\cpp\seafarer's war\data/game/gameUI.xml , 0)
freeWidgets()
TextButton::read_from_xml()
Text::setText('pause')
TextButton::cmd ('data/game/gamePause.xml')
freeWidgets()
Entity_type::~Entity_type()
Entity::~Entity()
Entity::~Entity()
TTF_CloseFont()
TTF_Quit()
SDL_DestroyRenderer()
SDL_DestroyWindow()
SDL_Quit()
